# JRE version: Java(TM) SE Runtime Environment (21.0.2+13) (build 21.0.2+13-LTS-58)
# Java VM: Java HotSpot(TM) 64-Bit Server VM (21.0.2+13-LTS-58, mixed mode, emulated-client, sharing, tiered, compressed oops, compressed class ptrs, g1 gc, windows-amd64)
GC Precious Log:
 CardTable entry size: 512
 Card Set container configuration: InlinePtr #cards 4 size 8 Array Of Cards #cards 16 size 48 Howl #buckets 8 coarsen threshold 3686 Howl Bitmap #cards 512 size 80 coarsen threshold 460 Card regions per heap region 1 cards per card region 4096
 CPUs: 8 total, 8 available
 Memory: 16204M
 Large Page Support: Disabled
 NUMA Support: Disabled
 Compressed Oops: Enabled (Zero based)
 Heap Region Size: 2M
 Heap Min Capacity: 8M
 Heap Initial Capacity: 254M
 Heap Max Capacity: 4052M
 Pre-touch: Disabled
 Parallel Workers: 8
 Concurrent Workers: 2
 Concurrent Refinement Workers: 8
 Periodic GC: Disabled
Heap:
 garbage-first heap   total 151552K, used 47649K [0x0000000702c00000, 0x0000000800000000)
  region size 2048K, 1 young (2048K), 1 survivors (2048K)
 Metaspace       used 83132K, committed 84224K, reserved 1179648K
  class space    used 12070K, committed 12544K, reserved 1048576K
GC Heap History (20 events):
Event: 4740.221 GC heap after
{Heap after GC invocations=40 (full 0):
 garbage-first heap   total 151552K, used 50760K [0x0000000702c00000, 0x0000000800000000)
  region size 2048K, 3 young (6144K), 3 survivors (6144K)
 Metaspace       used 82995K, committed 83904K, reserved 1179648K
  class space    used 12042K, committed 12480K, reserved 1048576K
}
Event: 5101.772 GC heap before
{Heap before GC invocations=40 (full 0):
 garbage-first heap   total 151552K, used 132680K [0x0000000702c00000, 0x0000000800000000)
  region size 2048K, 43 young (88064K), 3 survivors (6144K)
 Metaspace       used 83132K, committed 84032K, reserved 1179648K
  class space    used 12070K, committed 12480K, reserved 1048576K
}
Event: 5101.782 GC heap after
{Heap after GC invocations=41 (full 0):
 garbage-first heap   total 151552K, used 49821K [0x0000000702c00000, 0x0000000800000000)
  region size 2048K, 3 young (6144K), 3 survivors (6144K)
 Metaspace       used 83132K, committed 84032K, reserved 1179648K
  class space    used 12070K, committed 12480K, reserved 1048576K
}
Event: 5617.888 GC heap before
{Heap before GC invocations=41 (full 0):
 garbage-first heap   total 151552K, used 127645K [0x0000000702c00000, 0x0000000800000000)
  region size 2048K, 42 young (86016K), 3 survivors (6144K)
 Metaspace       used 83136K, committed 84032K, reserved 1179648K
  class space    used 12071K, committed 12480K, reserved 1048576K
}
Event: 5617.896 GC heap after
{Heap after GC invocations=42 (full 0):
 garbage-first heap   total 151552K, used 50210K [0x0000000702c00000, 0x0000000800000000)
  region size 2048K, 3 young (6144K), 3 survivors (6144K)
 Metaspace       used 83136K, committed 84032K, reserved 1179648K
  class space    used 12071K, committed 12480K, reserved 1048576K
}
Event: 5622.052 GC heap before
{Heap before GC invocations=43 (full 0):
 garbage-first heap   total 151552K, used 132130K [0x0000000702c00000, 0x0000000800000000)
  region size 2048K, 44 young (90112K), 3 survivors (6144K)
 Metaspace       used 83216K, committed 84160K, reserved 1179648K
  class space    used 12091K, committed 12544K, reserved 1048576K
}
Event: 5622.060 GC heap after
{Heap after GC invocations=44 (full 0):
 garbage-first heap   total 151552K, used 49551K [0x0000000702c00000, 0x0000000800000000)
  region size 2048K, 3 young (6144K), 3 survivors (6144K)
 Metaspace       used 83216K, committed 84160K, reserved 1179648K
  class space    used 12091K, committed 12544K, reserved 1048576K
}
Event: 5624.605 GC heap before
{Heap before GC invocations=44 (full 0):
 garbage-first heap   total 151552K, used 133519K [0x0000000702c00000, 0x0000000800000000)
  region size 2048K, 44 young (90112K), 3 survivors (6144K)
 Metaspace       used 83232K, committed 84224K, reserved 1179648K
  class space    used 12095K, committed 12544K, reserved 1048576K
}
Event: 5624.617 GC heap after
{Heap after GC invocations=45 (full 0):
 garbage-first heap   total 151552K, used 48784K [0x0000000702c00000, 0x0000000800000000)
  region size 2048K, 3 young (6144K), 3 survivors (6144K)
 Metaspace       used 83232K, committed 84224K, reserved 1179648K
  class space    used 12095K, committed 12544K, reserved 1048576K
}
Event: 5626.138 GC heap before
{Heap before GC invocations=45 (full 0):
 garbage-first heap   total 151552K, used 132752K [0x0000000702c00000, 0x0000000800000000)
  region size 2048K, 44 young (90112K), 3 survivors (6144K)
 Metaspace       used 83232K, committed 84224K, reserved 1179648K
  class space    used 12095K, committed 12544K, reserved 1048576K
}
Event: 5626.147 GC heap after
{Heap after GC invocations=46 (full 0):
 garbage-first heap   total 151552K, used 48880K [0x0000000702c00000, 0x0000000800000000)
  region size 2048K, 3 young (6144K), 3 survivors (6144K)
 Metaspace       used 83232K, committed 84224K, reserved 1179648K
  class space    used 12095K, committed 12544K, reserved 1048576K
}
Event: 5627.747 GC heap before
{Heap before GC invocations=47 (full 0):
 garbage-first heap   total 151552K, used 132848K [0x0000000702c00000, 0x0000000800000000)
  region size 2048K, 44 young (90112K), 3 survivors (6144K)
 Metaspace       used 83232K, committed 84224K, reserved 1179648K
  class space    used 12095K, committed 12544K, reserved 1048576K
}
Event: 5627.758 GC heap after
{Heap after GC invocations=48 (full 0):
 garbage-first heap   total 151552K, used 48949K [0x0000000702c00000, 0x0000000800000000)
  region size 2048K, 2 young (4096K), 2 survivors (4096K)
 Metaspace       used 83232K, committed 84224K, reserved 1179648K
  class space    used 12095K, committed 12544K, reserved 1048576K
}
Event: 5629.247 GC heap before
{Heap before GC invocations=48 (full 0):
 garbage-first heap   total 151552K, used 134965K [0x0000000702c00000, 0x0000000800000000)
  region size 2048K, 44 young (90112K), 2 survivors (4096K)
 Metaspace       used 83232K, committed 84224K, reserved 1179648K
  class space    used 12095K, committed 12544K, reserved 1048576K
}
Event: 5629.254 GC heap after
{Heap after GC invocations=49 (full 0):
 garbage-first heap   total 151552K, used 47742K [0x0000000702c00000, 0x0000000800000000)
  region size 2048K, 1 young (2048K), 1 survivors (2048K)
 Metaspace       used 83232K, committed 84224K, reserved 1179648K
  class space    used 12095K, committed 12544K, reserved 1048576K
}
Event: 5631.108 GC heap before
{Heap before GC invocations=49 (full 0):
 garbage-first heap   total 151552K, used 133758K [0x0000000702c00000, 0x0000000800000000)
  region size 2048K, 44 young (90112K), 1 survivors (2048K)
 Metaspace       used 83232K, committed 84224K, reserved 1179648K
  class space    used 12095K, committed 12544K, reserved 1048576K
}
Event: 5631.113 GC heap after
{Heap after GC invocations=50 (full 0):
 garbage-first heap   total 151552K, used 48290K [0x0000000702c00000, 0x0000000800000000)
  region size 2048K, 1 young (2048K), 1 survivors (2048K)
 Metaspace       used 83232K, committed 84224K, reserved 1179648K
  class space    used 12095K, committed 12544K, reserved 1048576K
}
Event: 5632.803 GC heap before
{Heap before GC invocations=51 (full 0):
 garbage-first heap   total 151552K, used 136354K [0x0000000702c00000, 0x0000000800000000)
  region size 2048K, 44 young (90112K), 1 survivors (2048K)
 Metaspace       used 83132K, committed 84224K, reserved 1179648K
  class space    used 12070K, committed 12544K, reserved 1048576K
}
Event: 5632.808 GC heap after
{Heap after GC invocations=52 (full 0):
 garbage-first heap   total 151552K, used 48144K [0x0000000702c00000, 0x0000000800000000)
  region size 2048K, 1 young (2048K), 1 survivors (2048K)
 Metaspace       used 83132K, committed 84224K, reserved 1179648K
  class space    used 12070K, committed 12544K, reserved 1048576K
}
Event: 5634.538 GC heap before
{Heap before GC invocations=52 (full 0):
 garbage-first heap   total 151552K, used 136208K [0x0000000702c00000, 0x0000000800000000)
  region size 2048K, 44 young (90112K), 1 survivors (2048K)
 Metaspace       used 83132K, committed 84224K, reserved 1179648K
  class space    used 12070K, committed 12544K, reserved 1048576K
}

